2023-07-12 09:54:54.224 [restartedMain] INFO  c.e.l.LeonProjectApplication - Starting LeonProjectApplication using Java 17.0.7 with PID 17568 (C:\Users\leon.yu\IdeaProjects\LeonProject\target\classes started by leon.yu in C:\Users\leon.yu\IdeaProjects\LeonProject)
2023-07-12 09:54:54.230 [restartedMain] INFO  c.e.l.LeonProjectApplication - The following 1 profile is active: "dev"
2023-07-12 09:54:54.260 [restartedMain] INFO  o.s.b.d.e.DevToolsPropertyDefaultsPostProcessor - Devtools property defaults active! Set 'spring.devtools.add-properties' to 'false' to disable
2023-07-12 09:54:54.260 [restartedMain] INFO  o.s.b.d.e.DevToolsPropertyDefaultsPostProcessor - For additional web related logging consider setting the 'logging.level.web' property to 'DEBUG'
2023-07-12 09:54:54.760 [restartedMain] INFO  o.s.d.r.c.RepositoryConfigurationDelegate - Bootstrapping Spring Data JPA repositories in DEFAULT mode.
2023-07-12 09:54:54.801 [restartedMain] INFO  o.s.d.r.c.RepositoryConfigurationDelegate - Finished Spring Data repository scanning in 36 ms. Found 3 JPA repository interfaces.
2023-07-12 09:54:55.279 [restartedMain] INFO  o.s.b.w.e.tomcat.TomcatWebServer - Tomcat initialized with port(s): 8080 (http)
2023-07-12 09:54:55.285 [restartedMain] INFO  o.a.catalina.core.StandardService - Starting service [Tomcat]
2023-07-12 09:54:55.285 [restartedMain] INFO  o.a.catalina.core.StandardEngine - Starting Servlet engine: [Apache Tomcat/10.1.10]
2023-07-12 09:54:55.323 [restartedMain] INFO  o.a.c.c.C.[.[.[/LeonAPI/dev] - Initializing Spring embedded WebApplicationContext
2023-07-12 09:54:55.323 [restartedMain] INFO  o.s.b.w.s.c.ServletWebServerApplicationContext - Root WebApplicationContext: initialization completed in 1063 ms
2023-07-12 09:54:55.404 [restartedMain] INFO  com.zaxxer.hikari.HikariDataSource - HikariPool-1 - Starting...
2023-07-12 09:54:55.574 [restartedMain] INFO  com.zaxxer.hikari.pool.HikariPool - HikariPool-1 - Added connection com.mysql.cj.jdbc.ConnectionImpl@46312d42
2023-07-12 09:54:55.575 [restartedMain] INFO  com.zaxxer.hikari.HikariDataSource - HikariPool-1 - Start completed.
2023-07-12 09:54:55.599 [restartedMain] INFO  o.h.jpa.internal.util.LogHelper - HHH000204: Processing PersistenceUnitInfo [name: default]
2023-07-12 09:54:55.630 [restartedMain] INFO  org.hibernate.Version - HHH000412: Hibernate ORM core version 6.2.5.Final
2023-07-12 09:54:55.632 [restartedMain] INFO  org.hibernate.cfg.Environment - HHH000406: Using bytecode reflection optimizer
2023-07-12 09:54:55.717 [restartedMain] INFO  o.h.b.i.BytecodeProviderInitiator - HHH000021: Bytecode provider name : bytebuddy
2023-07-12 09:54:55.803 [restartedMain] INFO  o.s.o.j.p.SpringPersistenceUnitInfo - No LoadTimeWeaver setup: ignoring JPA class transformer
2023-07-12 09:54:55.959 [restartedMain] INFO  o.h.b.i.BytecodeProviderInitiator - HHH000021: Bytecode provider name : bytebuddy
2023-07-12 09:54:56.352 [restartedMain] INFO  o.h.e.t.j.p.i.JtaPlatformInitiator - HHH000490: Using JtaPlatform implementation: [org.hibernate.engine.transaction.jta.platform.internal.NoJtaPlatform]
2023-07-12 09:54:56.354 [restartedMain] INFO  o.s.o.j.LocalContainerEntityManagerFactoryBean - Initialized JPA EntityManagerFactory for persistence unit 'default'
2023-07-12 09:54:56.655 [restartedMain] INFO  o.s.d.j.r.query.QueryEnhancerFactory - Hibernate is in classpath; If applicable, HQL parser will be used.
2023-07-12 09:54:57.282 [restartedMain] INFO  o.s.s.web.DefaultSecurityFilterChain - Will secure any request with [org.springframework.security.web.session.DisableEncodeUrlFilter@7e93f713, org.springframework.security.web.context.request.async.WebAsyncManagerIntegrationFilter@a975e12, org.springframework.security.web.context.SecurityContextHolderFilter@2bb87a6b, org.springframework.security.web.header.HeaderWriterFilter@476213f8, org.springframework.web.filter.CorsFilter@503a42c3, org.springframework.security.web.authentication.logout.LogoutFilter@4e23adfe, com.example.leonproject.config.security.JWTAuthenticationFilter@7a2eccd2, org.springframework.security.web.savedrequest.RequestCacheAwareFilter@12ce7e8a, org.springframework.security.web.servletapi.SecurityContextHolderAwareRequestFilter@322e419b, org.springframework.security.web.authentication.AnonymousAuthenticationFilter@14d52904, org.springframework.security.web.session.SessionManagementFilter@2ba7c4ea, org.springframework.security.web.access.ExceptionTranslationFilter@4774b2a6, org.springframework.security.web.access.intercept.AuthorizationFilter@7fe4a269]
2023-07-12 09:54:57.504 [restartedMain] INFO  o.s.b.d.a.OptionalLiveReloadServer - LiveReload server is running on port 35729
2023-07-12 09:54:57.533 [restartedMain] INFO  o.s.b.w.e.tomcat.TomcatWebServer - Tomcat started on port(s): 8080 (http) with context path '/LeonAPI/dev'
2023-07-12 09:54:57.542 [restartedMain] INFO  c.e.l.LeonProjectApplication - Started LeonProjectApplication in 3.643 seconds (process running for 4.296)
2023-07-12 09:54:57.608 [pool-3-thread-1] INFO  c.e.l.schedule.TimeSheetScheduler - 更新失敗
2023-07-12 09:55:17.621 [pool-3-thread-1] INFO  c.e.l.schedule.TimeSheetScheduler - 更新失敗
2023-07-12 09:55:37.631 [pool-3-thread-2] INFO  c.e.l.schedule.TimeSheetScheduler - 更新失敗
2023-07-12 09:55:57.647 [pool-3-thread-2] INFO  c.e.l.schedule.TimeSheetScheduler - 更新失敗
2023-07-12 09:56:17.659 [pool-3-thread-2] INFO  c.e.l.schedule.TimeSheetScheduler - 更新失敗
2023-07-12 09:56:36.575 [http-nio-8080-exec-2] INFO  o.a.c.c.C.[.[.[/LeonAPI/dev] - Initializing Spring DispatcherServlet 'dispatcherServlet'
2023-07-12 09:56:36.576 [http-nio-8080-exec-2] INFO  o.s.web.servlet.DispatcherServlet - Initializing Servlet 'dispatcherServlet'
2023-07-12 09:56:36.577 [http-nio-8080-exec-2] INFO  o.s.web.servlet.DispatcherServlet - Completed initialization in 1 ms
2023-07-12 09:56:36.644 [http-nio-8080-exec-2] INFO  c.e.leonproject.aop.AccessLogAspect - Access Log - URL: http://localhost:8080/LeonAPI/dev/clock_in, Method: POST, Params: [com.example.leonproject.controller.pojo.PunchClockDTO@286eeb7e]
2023-07-12 09:56:37.671 [pool-3-thread-2] INFO  c.e.l.schedule.TimeSheetScheduler - 更新失敗
2023-07-12 09:56:41.462 [http-nio-8080-exec-3] INFO  c.e.leonproject.aop.AccessLogAspect - Access Log - URL: http://localhost:8080/LeonAPI/dev/clock_in, Method: POST, Params: [com.example.leonproject.controller.pojo.PunchClockDTO@17d70160]
2023-07-12 09:56:45.212 [http-nio-8080-exec-4] INFO  c.e.leonproject.aop.AccessLogAspect - Access Log - URL: http://localhost:8080/LeonAPI/dev/clock_in, Method: POST, Params: [com.example.leonproject.controller.pojo.PunchClockDTO@6a96d1a1]
2023-07-12 09:56:47.410 [http-nio-8080-exec-5] INFO  c.e.leonproject.aop.AccessLogAspect - Access Log - URL: http://localhost:8080/LeonAPI/dev/clock_in, Method: POST, Params: [com.example.leonproject.controller.pojo.PunchClockDTO@37380d5b]
2023-07-12 09:56:54.795 [http-nio-8080-exec-6] INFO  c.e.leonproject.aop.AccessLogAspect - Access Log - URL: http://localhost:8080/LeonAPI/dev/clock_in, Method: POST, Params: [com.example.leonproject.controller.pojo.PunchClockDTO@2016764b]
2023-07-12 09:56:57.693 [pool-3-thread-2] INFO  c.e.l.schedule.TimeSheetScheduler - ===:時間:09:56:57工時表更新成功
2023-07-12 09:56:57.770 [http-nio-8080-exec-7] INFO  c.e.leonproject.aop.AccessLogAspect - Access Log - URL: http://localhost:8080/LeonAPI/dev/clock_in, Method: POST, Params: [com.example.leonproject.controller.pojo.PunchClockDTO@263b610c]
2023-07-12 09:57:09.866 [http-nio-8080-exec-8] INFO  c.e.leonproject.aop.AccessLogAspect - Access Log - URL: http://localhost:8080/LeonAPI/dev/fail_clock_in, Method: POST, Params: [com.example.leonproject.controller.pojo.PunchClockDTO@556c4e63]
2023-07-12 09:57:17.713 [pool-3-thread-2] INFO  c.e.l.schedule.TimeSheetScheduler - ===:時間:09:57:17工時表更新成功
2023-07-12 09:57:32.612 [http-nio-8080-exec-10] INFO  c.e.leonproject.aop.AccessLogAspect - Access Log - URL: http://localhost:8080/LeonAPI/dev/fail_clock_in, Method: POST, Params: [com.example.leonproject.controller.pojo.PunchClockDTO@1cda259d]
2023-07-12 09:57:37.650 [http-nio-8080-exec-2] INFO  c.e.leonproject.aop.AccessLogAspect - Access Log - URL: http://localhost:8080/LeonAPI/dev/fail_clock_in, Method: POST, Params: [com.example.leonproject.controller.pojo.PunchClockDTO@1b804e48]
2023-07-12 09:57:37.734 [pool-3-thread-2] INFO  c.e.l.schedule.TimeSheetScheduler - ===:時間:09:57:37工時表更新成功
2023-07-12 09:57:57.748 [pool-3-thread-2] INFO  c.e.l.schedule.TimeSheetScheduler - ===:時間:09:57:57工時表更新成功
2023-07-12 09:58:00.373 [http-nio-8080-exec-4] INFO  c.e.leonproject.aop.AccessLogAspect - Access Log - URL: http://localhost:8080/LeonAPI/dev/fail_clock_in_transactional, Method: POST, Params: [com.example.leonproject.controller.pojo.PunchClockDTO@63fffa27]
2023-07-12 09:58:05.433 [http-nio-8080-exec-6] INFO  c.e.leonproject.aop.AccessLogAspect - Access Log - URL: http://localhost:8080/LeonAPI/dev/fail_clock_in_transactional, Method: POST, Params: [com.example.leonproject.controller.pojo.PunchClockDTO@3c976e88]
2023-07-12 09:58:09.029 [SpringApplicationShutdownHook] INFO  o.s.o.j.LocalContainerEntityManagerFactoryBean - Closing JPA EntityManagerFactory for persistence unit 'default'
2023-07-12 09:58:09.031 [SpringApplicationShutdownHook] INFO  com.zaxxer.hikari.HikariDataSource - HikariPool-1 - Shutdown initiated...
2023-07-12 09:58:09.036 [SpringApplicationShutdownHook] INFO  com.zaxxer.hikari.HikariDataSource - HikariPool-1 - Shutdown completed.
2023-07-12 10:09:51.497 [restartedMain] INFO  c.e.l.LeonProjectApplication - Starting LeonProjectApplication using Java 17.0.7 with PID 19712 (C:\Users\leon.yu\IdeaProjects\LeonProject\target\classes started by leon.yu in C:\Users\leon.yu\IdeaProjects\LeonProject)
2023-07-12 10:09:51.499 [restartedMain] INFO  c.e.l.LeonProjectApplication - The following 1 profile is active: "dev"
2023-07-12 10:09:51.526 [restartedMain] INFO  o.s.b.d.e.DevToolsPropertyDefaultsPostProcessor - Devtools property defaults active! Set 'spring.devtools.add-properties' to 'false' to disable
2023-07-12 10:09:51.526 [restartedMain] INFO  o.s.b.d.e.DevToolsPropertyDefaultsPostProcessor - For additional web related logging consider setting the 'logging.level.web' property to 'DEBUG'
2023-07-12 10:09:52.006 [restartedMain] INFO  o.s.d.r.c.RepositoryConfigurationDelegate - Bootstrapping Spring Data JPA repositories in DEFAULT mode.
2023-07-12 10:09:52.047 [restartedMain] INFO  o.s.d.r.c.RepositoryConfigurationDelegate - Finished Spring Data repository scanning in 35 ms. Found 3 JPA repository interfaces.
2023-07-12 10:09:52.511 [restartedMain] INFO  o.s.b.w.e.tomcat.TomcatWebServer - Tomcat initialized with port(s): 8080 (http)
2023-07-12 10:09:52.517 [restartedMain] INFO  o.a.catalina.core.StandardService - Starting service [Tomcat]
2023-07-12 10:09:52.517 [restartedMain] INFO  o.a.catalina.core.StandardEngine - Starting Servlet engine: [Apache Tomcat/10.1.10]
2023-07-12 10:09:52.556 [restartedMain] INFO  o.a.c.c.C.[.[.[/LeonAPI/dev] - Initializing Spring embedded WebApplicationContext
2023-07-12 10:09:52.556 [restartedMain] INFO  o.s.b.w.s.c.ServletWebServerApplicationContext - Root WebApplicationContext: initialization completed in 1030 ms
2023-07-12 10:09:52.636 [restartedMain] INFO  com.zaxxer.hikari.HikariDataSource - HikariPool-1 - Starting...
2023-07-12 10:09:53.829 [restartedMain] INFO  o.h.jpa.internal.util.LogHelper - HHH000204: Processing PersistenceUnitInfo [name: default]
2023-07-12 10:09:53.862 [restartedMain] INFO  org.hibernate.Version - HHH000412: Hibernate ORM core version 6.2.5.Final
2023-07-12 10:09:53.864 [restartedMain] INFO  org.hibernate.cfg.Environment - HHH000406: Using bytecode reflection optimizer
2023-07-12 10:09:53.949 [restartedMain] INFO  o.h.b.i.BytecodeProviderInitiator - HHH000021: Bytecode provider name : bytebuddy
2023-07-12 10:09:54.031 [restartedMain] INFO  o.s.o.j.p.SpringPersistenceUnitInfo - No LoadTimeWeaver setup: ignoring JPA class transformer
2023-07-12 10:09:54.043 [restartedMain] INFO  com.zaxxer.hikari.HikariDataSource - HikariPool-1 - Starting...
2023-07-12 10:09:55.185 [restartedMain] INFO  o.h.b.i.BytecodeProviderInitiator - HHH000021: Bytecode provider name : bytebuddy
2023-07-12 10:09:55.560 [restartedMain] INFO  o.h.e.t.j.p.i.JtaPlatformInitiator - HHH000490: Using JtaPlatform implementation: [org.hibernate.engine.transaction.jta.platform.internal.NoJtaPlatform]
2023-07-12 10:09:55.562 [restartedMain] INFO  o.s.o.j.LocalContainerEntityManagerFactoryBean - Initialized JPA EntityManagerFactory for persistence unit 'default'
2023-07-12 10:09:55.817 [restartedMain] INFO  o.s.d.j.r.query.QueryEnhancerFactory - Hibernate is in classpath; If applicable, HQL parser will be used.
2023-07-12 10:09:56.426 [restartedMain] INFO  o.s.s.web.DefaultSecurityFilterChain - Will secure any request with [org.springframework.security.web.session.DisableEncodeUrlFilter@62730706, org.springframework.security.web.context.request.async.WebAsyncManagerIntegrationFilter@239d5f80, org.springframework.security.web.context.SecurityContextHolderFilter@70883db8, org.springframework.security.web.header.HeaderWriterFilter@f952c5f, org.springframework.web.filter.CorsFilter@46c453bd, org.springframework.security.web.authentication.logout.LogoutFilter@3967f7db, com.example.leonproject.config.security.JWTAuthenticationFilter@243fc36f, org.springframework.security.web.savedrequest.RequestCacheAwareFilter@4368205, org.springframework.security.web.servletapi.SecurityContextHolderAwareRequestFilter@757c9015, org.springframework.security.web.authentication.AnonymousAuthenticationFilter@4b8c68f5, org.springframework.security.web.session.SessionManagementFilter@3547c193, org.springframework.security.web.access.ExceptionTranslationFilter@63bfe554, org.springframework.security.web.access.intercept.AuthorizationFilter@1e9f746a]
2023-07-12 10:09:56.629 [restartedMain] INFO  o.s.b.d.a.OptionalLiveReloadServer - LiveReload server is running on port 35729
2023-07-12 10:09:56.657 [restartedMain] INFO  o.s.b.w.e.tomcat.TomcatWebServer - Tomcat started on port(s): 8080 (http) with context path '/LeonAPI/dev'
2023-07-12 10:09:56.666 [restartedMain] INFO  c.e.l.LeonProjectApplication - Started LeonProjectApplication in 5.475 seconds (process running for 5.922)
2023-07-12 10:09:56.669 [pool-3-thread-1] INFO  com.zaxxer.hikari.HikariDataSource - HikariPool-1 - Starting...
2023-07-12 10:10:04.138 [SpringApplicationShutdownHook] INFO  o.s.o.j.LocalContainerEntityManagerFactoryBean - Closing JPA EntityManagerFactory for persistence unit 'default'
2023-07-12 10:21:18.470 [restartedMain] INFO  c.e.l.LeonProjectApplication - Starting LeonProjectApplication using Java 17.0.7 with PID 17536 (C:\Users\leon.yu\IdeaProjects\LeonProject\target\classes started by leon.yu in C:\Users\leon.yu\IdeaProjects\LeonProject)
2023-07-12 10:21:18.472 [restartedMain] INFO  c.e.l.LeonProjectApplication - The following 1 profile is active: "dev"
2023-07-12 10:21:18.502 [restartedMain] INFO  o.s.b.d.e.DevToolsPropertyDefaultsPostProcessor - Devtools property defaults active! Set 'spring.devtools.add-properties' to 'false' to disable
2023-07-12 10:21:18.502 [restartedMain] INFO  o.s.b.d.e.DevToolsPropertyDefaultsPostProcessor - For additional web related logging consider setting the 'logging.level.web' property to 'DEBUG'
2023-07-12 10:21:19.029 [restartedMain] INFO  o.s.d.r.c.RepositoryConfigurationDelegate - Bootstrapping Spring Data JPA repositories in DEFAULT mode.
2023-07-12 10:21:19.064 [restartedMain] INFO  o.s.d.r.c.RepositoryConfigurationDelegate - Finished Spring Data repository scanning in 30 ms. Found 3 JPA repository interfaces.
2023-07-12 10:21:19.540 [restartedMain] INFO  o.s.b.w.e.tomcat.TomcatWebServer - Tomcat initialized with port(s): 8080 (http)
2023-07-12 10:21:19.546 [restartedMain] INFO  o.a.catalina.core.StandardService - Starting service [Tomcat]
2023-07-12 10:21:19.547 [restartedMain] INFO  o.a.catalina.core.StandardEngine - Starting Servlet engine: [Apache Tomcat/10.1.10]
2023-07-12 10:21:19.586 [restartedMain] INFO  o.a.c.c.C.[Tomcat].[localhost].[/] - Initializing Spring embedded WebApplicationContext
2023-07-12 10:21:19.586 [restartedMain] INFO  o.s.b.w.s.c.ServletWebServerApplicationContext - Root WebApplicationContext: initialization completed in 1083 ms
2023-07-12 10:21:19.640 [restartedMain] INFO  o.a.catalina.core.StandardService - Stopping service [Tomcat]
2023-07-12 10:21:19.653 [restartedMain] INFO  o.s.b.a.l.ConditionEvaluationReportLogger - 

Error starting ApplicationContext. To display the condition evaluation report re-run your application with 'debug' enabled.
2023-07-12 10:21:35.975 [restartedMain] INFO  c.e.l.LeonProjectApplication - Starting LeonProjectApplication using Java 17.0.7 with PID 19924 (C:\Users\leon.yu\IdeaProjects\LeonProject\target\classes started by leon.yu in C:\Users\leon.yu\IdeaProjects\LeonProject)
2023-07-12 10:21:35.976 [restartedMain] INFO  c.e.l.LeonProjectApplication - The following 1 profile is active: "dev"
2023-07-12 10:21:36.004 [restartedMain] INFO  o.s.b.d.e.DevToolsPropertyDefaultsPostProcessor - Devtools property defaults active! Set 'spring.devtools.add-properties' to 'false' to disable
2023-07-12 10:21:36.004 [restartedMain] INFO  o.s.b.d.e.DevToolsPropertyDefaultsPostProcessor - For additional web related logging consider setting the 'logging.level.web' property to 'DEBUG'
2023-07-12 10:21:36.485 [restartedMain] INFO  o.s.d.r.c.RepositoryConfigurationDelegate - Bootstrapping Spring Data JPA repositories in DEFAULT mode.
2023-07-12 10:21:36.525 [restartedMain] INFO  o.s.d.r.c.RepositoryConfigurationDelegate - Finished Spring Data repository scanning in 34 ms. Found 3 JPA repository interfaces.
2023-07-12 10:21:36.989 [restartedMain] INFO  o.s.b.w.e.tomcat.TomcatWebServer - Tomcat initialized with port(s): 8080 (http)
2023-07-12 10:21:36.995 [restartedMain] INFO  o.a.catalina.core.StandardService - Starting service [Tomcat]
2023-07-12 10:21:36.996 [restartedMain] INFO  o.a.catalina.core.StandardEngine - Starting Servlet engine: [Apache Tomcat/10.1.10]
2023-07-12 10:21:37.034 [restartedMain] INFO  o.a.c.c.C.[Tomcat].[localhost].[/] - Initializing Spring embedded WebApplicationContext
2023-07-12 10:21:37.035 [restartedMain] INFO  o.s.b.w.s.c.ServletWebServerApplicationContext - Root WebApplicationContext: initialization completed in 1031 ms
2023-07-12 10:21:37.088 [restartedMain] INFO  o.a.catalina.core.StandardService - Stopping service [Tomcat]
2023-07-12 10:21:37.101 [restartedMain] INFO  o.s.b.a.l.ConditionEvaluationReportLogger - 

Error starting ApplicationContext. To display the condition evaluation report re-run your application with 'debug' enabled.
2023-07-12 10:21:54.411 [restartedMain] INFO  c.e.l.LeonProjectApplication - Starting LeonProjectApplication using Java 17.0.7 with PID 4940 (C:\Users\leon.yu\IdeaProjects\LeonProject\target\classes started by leon.yu in C:\Users\leon.yu\IdeaProjects\LeonProject)
2023-07-12 10:21:54.413 [restartedMain] INFO  c.e.l.LeonProjectApplication - The following 1 profile is active: "dev-db1"
2023-07-12 10:21:54.440 [restartedMain] INFO  o.s.b.d.e.DevToolsPropertyDefaultsPostProcessor - Devtools property defaults active! Set 'spring.devtools.add-properties' to 'false' to disable
2023-07-12 10:21:54.441 [restartedMain] INFO  o.s.b.d.e.DevToolsPropertyDefaultsPostProcessor - For additional web related logging consider setting the 'logging.level.web' property to 'DEBUG'
2023-07-12 10:21:54.924 [restartedMain] INFO  o.s.d.r.c.RepositoryConfigurationDelegate - Bootstrapping Spring Data JPA repositories in DEFAULT mode.
2023-07-12 10:21:54.962 [restartedMain] INFO  o.s.d.r.c.RepositoryConfigurationDelegate - Finished Spring Data repository scanning in 32 ms. Found 3 JPA repository interfaces.
2023-07-12 10:21:55.432 [restartedMain] INFO  o.s.b.w.e.tomcat.TomcatWebServer - Tomcat initialized with port(s): 8080 (http)
2023-07-12 10:21:55.438 [restartedMain] INFO  o.a.catalina.core.StandardService - Starting service [Tomcat]
2023-07-12 10:21:55.439 [restartedMain] INFO  o.a.catalina.core.StandardEngine - Starting Servlet engine: [Apache Tomcat/10.1.10]
2023-07-12 10:21:55.478 [restartedMain] INFO  o.a.c.c.C.[.[.[/LeonAPI/dev] - Initializing Spring embedded WebApplicationContext
2023-07-12 10:21:55.478 [restartedMain] INFO  o.s.b.w.s.c.ServletWebServerApplicationContext - Root WebApplicationContext: initialization completed in 1037 ms
2023-07-12 10:21:55.559 [restartedMain] INFO  com.zaxxer.hikari.HikariDataSource - HikariPool-1 - Starting...
2023-07-12 10:21:56.757 [restartedMain] INFO  o.h.jpa.internal.util.LogHelper - HHH000204: Processing PersistenceUnitInfo [name: default]
2023-07-12 10:21:56.789 [restartedMain] INFO  org.hibernate.Version - HHH000412: Hibernate ORM core version 6.2.5.Final
2023-07-12 10:21:56.791 [restartedMain] INFO  org.hibernate.cfg.Environment - HHH000406: Using bytecode reflection optimizer
2023-07-12 10:21:56.874 [restartedMain] INFO  o.h.b.i.BytecodeProviderInitiator - HHH000021: Bytecode provider name : bytebuddy
2023-07-12 10:21:56.960 [restartedMain] INFO  o.s.o.j.p.SpringPersistenceUnitInfo - No LoadTimeWeaver setup: ignoring JPA class transformer
2023-07-12 10:21:56.971 [restartedMain] INFO  com.zaxxer.hikari.HikariDataSource - HikariPool-1 - Starting...
2023-07-12 10:21:58.121 [restartedMain] INFO  o.h.b.i.BytecodeProviderInitiator - HHH000021: Bytecode provider name : bytebuddy
2023-07-12 10:21:58.498 [restartedMain] INFO  o.h.e.t.j.p.i.JtaPlatformInitiator - HHH000490: Using JtaPlatform implementation: [org.hibernate.engine.transaction.jta.platform.internal.NoJtaPlatform]
2023-07-12 10:21:58.500 [restartedMain] INFO  o.s.o.j.LocalContainerEntityManagerFactoryBean - Initialized JPA EntityManagerFactory for persistence unit 'default'
2023-07-12 10:21:58.753 [restartedMain] INFO  o.s.d.j.r.query.QueryEnhancerFactory - Hibernate is in classpath; If applicable, HQL parser will be used.
2023-07-12 10:21:59.358 [restartedMain] INFO  o.s.s.web.DefaultSecurityFilterChain - Will secure any request with [org.springframework.security.web.session.DisableEncodeUrlFilter@50f4a810, org.springframework.security.web.context.request.async.WebAsyncManagerIntegrationFilter@53b6f671, org.springframework.security.web.context.SecurityContextHolderFilter@37b6671, org.springframework.security.web.header.HeaderWriterFilter@589d53c8, org.springframework.web.filter.CorsFilter@2fb25bb2, org.springframework.security.web.authentication.logout.LogoutFilter@7bc83163, com.example.leonproject.config.security.JWTAuthenticationFilter@24c1c7af, org.springframework.security.web.savedrequest.RequestCacheAwareFilter@1cf34617, org.springframework.security.web.servletapi.SecurityContextHolderAwareRequestFilter@6af10167, org.springframework.security.web.authentication.AnonymousAuthenticationFilter@1718499, org.springframework.security.web.session.SessionManagementFilter@3c905d54, org.springframework.security.web.access.ExceptionTranslationFilter@5c11f3e8, org.springframework.security.web.access.intercept.AuthorizationFilter@64831f7a]
2023-07-12 10:21:59.557 [restartedMain] INFO  o.s.b.d.a.OptionalLiveReloadServer - LiveReload server is running on port 35729
2023-07-12 10:21:59.586 [restartedMain] INFO  o.s.b.w.e.tomcat.TomcatWebServer - Tomcat started on port(s): 8080 (http) with context path '/LeonAPI/dev'
2023-07-12 10:21:59.595 [restartedMain] INFO  c.e.l.LeonProjectApplication - Started LeonProjectApplication in 5.486 seconds (process running for 5.929)
2023-07-12 10:21:59.598 [pool-3-thread-1] INFO  com.zaxxer.hikari.HikariDataSource - HikariPool-1 - Starting...
2023-07-12 10:22:20.618 [pool-3-thread-1] INFO  com.zaxxer.hikari.HikariDataSource - HikariPool-1 - Starting...
2023-07-12 10:22:41.646 [pool-3-thread-2] INFO  com.zaxxer.hikari.HikariDataSource - HikariPool-1 - Starting...
2023-07-12 10:23:02.681 [pool-3-thread-2] INFO  com.zaxxer.hikari.HikariDataSource - HikariPool-1 - Starting...
2023-07-12 10:23:23.706 [pool-3-thread-2] INFO  com.zaxxer.hikari.HikariDataSource - HikariPool-1 - Starting...
2023-07-12 10:23:44.731 [pool-3-thread-2] INFO  com.zaxxer.hikari.HikariDataSource - HikariPool-1 - Starting...
2023-07-12 10:24:05.758 [pool-3-thread-2] INFO  com.zaxxer.hikari.HikariDataSource - HikariPool-1 - Starting...
2023-07-12 10:24:26.770 [pool-3-thread-2] INFO  com.zaxxer.hikari.HikariDataSource - HikariPool-1 - Starting...
2023-07-12 10:24:47.785 [pool-3-thread-2] INFO  com.zaxxer.hikari.HikariDataSource - HikariPool-1 - Starting...
2023-07-12 10:25:08.803 [pool-3-thread-2] INFO  com.zaxxer.hikari.HikariDataSource - HikariPool-1 - Starting...
2023-07-12 10:25:29.826 [pool-3-thread-2] INFO  com.zaxxer.hikari.HikariDataSource - HikariPool-1 - Starting...
2023-07-12 10:25:50.845 [pool-3-thread-2] INFO  com.zaxxer.hikari.HikariDataSource - HikariPool-1 - Starting...
2023-07-12 10:26:11.863 [pool-3-thread-2] INFO  com.zaxxer.hikari.HikariDataSource - HikariPool-1 - Starting...
2023-07-12 10:26:32.885 [pool-3-thread-2] INFO  com.zaxxer.hikari.HikariDataSource - HikariPool-1 - Starting...
2023-07-12 10:26:53.913 [pool-3-thread-2] INFO  com.zaxxer.hikari.HikariDataSource - HikariPool-1 - Starting...
2023-07-12 10:27:14.930 [pool-3-thread-2] INFO  com.zaxxer.hikari.HikariDataSource - HikariPool-1 - Starting...
2023-07-12 10:27:35.962 [pool-3-thread-2] INFO  com.zaxxer.hikari.HikariDataSource - HikariPool-1 - Starting...
2023-07-12 10:27:56.990 [pool-3-thread-2] INFO  com.zaxxer.hikari.HikariDataSource - HikariPool-1 - Starting...
2023-07-12 10:28:18.005 [pool-3-thread-2] INFO  com.zaxxer.hikari.HikariDataSource - HikariPool-1 - Starting...
2023-07-12 10:28:39.030 [pool-3-thread-2] INFO  com.zaxxer.hikari.HikariDataSource - HikariPool-1 - Starting...
2023-07-12 10:29:00.050 [pool-3-thread-2] INFO  com.zaxxer.hikari.HikariDataSource - HikariPool-1 - Starting...
2023-07-12 10:29:21.086 [pool-3-thread-2] INFO  com.zaxxer.hikari.HikariDataSource - HikariPool-1 - Starting...
2023-07-12 10:29:42.113 [pool-3-thread-2] INFO  com.zaxxer.hikari.HikariDataSource - HikariPool-1 - Starting...
2023-07-12 10:30:03.141 [pool-3-thread-2] INFO  com.zaxxer.hikari.HikariDataSource - HikariPool-1 - Starting...
2023-07-12 10:30:24.164 [pool-3-thread-2] INFO  com.zaxxer.hikari.HikariDataSource - HikariPool-1 - Starting...
2023-07-12 10:30:45.180 [pool-3-thread-2] INFO  com.zaxxer.hikari.HikariDataSource - HikariPool-1 - Starting...
2023-07-12 10:31:06.197 [pool-3-thread-2] INFO  com.zaxxer.hikari.HikariDataSource - HikariPool-1 - Starting...
2023-07-12 10:31:27.220 [pool-3-thread-2] INFO  com.zaxxer.hikari.HikariDataSource - HikariPool-1 - Starting...
2023-07-12 10:31:48.244 [pool-3-thread-2] INFO  com.zaxxer.hikari.HikariDataSource - HikariPool-1 - Starting...
2023-07-12 10:32:09.266 [pool-3-thread-2] INFO  com.zaxxer.hikari.HikariDataSource - HikariPool-1 - Starting...
2023-07-12 10:32:30.282 [pool-3-thread-2] INFO  com.zaxxer.hikari.HikariDataSource - HikariPool-1 - Starting...
2023-07-12 10:32:51.309 [pool-3-thread-2] INFO  com.zaxxer.hikari.HikariDataSource - HikariPool-1 - Starting...
2023-07-12 10:33:12.326 [pool-3-thread-2] INFO  com.zaxxer.hikari.HikariDataSource - HikariPool-1 - Starting...
2023-07-12 10:33:33.345 [pool-3-thread-2] INFO  com.zaxxer.hikari.HikariDataSource - HikariPool-1 - Starting...
2023-07-12 10:33:54.369 [pool-3-thread-2] INFO  com.zaxxer.hikari.HikariDataSource - HikariPool-1 - Starting...
2023-07-12 10:34:15.406 [pool-3-thread-2] INFO  com.zaxxer.hikari.HikariDataSource - HikariPool-1 - Starting...
2023-07-12 10:34:36.426 [pool-3-thread-2] INFO  com.zaxxer.hikari.HikariDataSource - HikariPool-1 - Starting...
2023-07-12 10:34:57.447 [pool-3-thread-2] INFO  com.zaxxer.hikari.HikariDataSource - HikariPool-1 - Starting...
2023-07-12 10:35:18.467 [pool-3-thread-2] INFO  com.zaxxer.hikari.HikariDataSource - HikariPool-1 - Starting...
2023-07-12 10:35:39.488 [pool-3-thread-2] INFO  com.zaxxer.hikari.HikariDataSource - HikariPool-1 - Starting...
2023-07-12 10:35:55.533 [SpringApplicationShutdownHook] INFO  o.s.o.j.LocalContainerEntityManagerFactoryBean - Closing JPA EntityManagerFactory for persistence unit 'default'
2023-07-12 10:35:58.125 [restartedMain] INFO  c.e.l.LeonProjectApplication - Starting LeonProjectApplication using Java 17.0.7 with PID 18728 (C:\Users\leon.yu\IdeaProjects\LeonProject\target\classes started by leon.yu in C:\Users\leon.yu\IdeaProjects\LeonProject)
2023-07-12 10:35:58.127 [restartedMain] INFO  c.e.l.LeonProjectApplication - The following 1 profile is active: "dev-db1"
2023-07-12 10:35:58.154 [restartedMain] INFO  o.s.b.d.e.DevToolsPropertyDefaultsPostProcessor - Devtools property defaults active! Set 'spring.devtools.add-properties' to 'false' to disable
2023-07-12 10:35:58.154 [restartedMain] INFO  o.s.b.d.e.DevToolsPropertyDefaultsPostProcessor - For additional web related logging consider setting the 'logging.level.web' property to 'DEBUG'
2023-07-12 10:35:58.647 [restartedMain] INFO  o.s.d.r.c.RepositoryConfigurationDelegate - Bootstrapping Spring Data JPA repositories in DEFAULT mode.
2023-07-12 10:35:58.688 [restartedMain] INFO  o.s.d.r.c.RepositoryConfigurationDelegate - Finished Spring Data repository scanning in 36 ms. Found 3 JPA repository interfaces.
2023-07-12 10:35:59.153 [restartedMain] INFO  o.s.b.w.e.tomcat.TomcatWebServer - Tomcat initialized with port(s): 8080 (http)
2023-07-12 10:35:59.159 [restartedMain] INFO  o.a.catalina.core.StandardService - Starting service [Tomcat]
2023-07-12 10:35:59.159 [restartedMain] INFO  o.a.catalina.core.StandardEngine - Starting Servlet engine: [Apache Tomcat/10.1.10]
2023-07-12 10:35:59.197 [restartedMain] INFO  o.a.c.c.C.[.[.[/LeonAPI/dev] - Initializing Spring embedded WebApplicationContext
2023-07-12 10:35:59.198 [restartedMain] INFO  o.s.b.w.s.c.ServletWebServerApplicationContext - Root WebApplicationContext: initialization completed in 1043 ms
2023-07-12 10:35:59.276 [restartedMain] INFO  com.zaxxer.hikari.HikariDataSource - HikariPool-1 - Starting...
2023-07-12 10:35:59.444 [restartedMain] INFO  com.zaxxer.hikari.pool.HikariPool - HikariPool-1 - Added connection com.mysql.cj.jdbc.ConnectionImpl@546e43c1
2023-07-12 10:35:59.445 [restartedMain] INFO  com.zaxxer.hikari.HikariDataSource - HikariPool-1 - Start completed.
2023-07-12 10:35:59.469 [restartedMain] INFO  o.h.jpa.internal.util.LogHelper - HHH000204: Processing PersistenceUnitInfo [name: default]
2023-07-12 10:35:59.500 [restartedMain] INFO  org.hibernate.Version - HHH000412: Hibernate ORM core version 6.2.5.Final
2023-07-12 10:35:59.502 [restartedMain] INFO  org.hibernate.cfg.Environment - HHH000406: Using bytecode reflection optimizer
2023-07-12 10:35:59.586 [restartedMain] INFO  o.h.b.i.BytecodeProviderInitiator - HHH000021: Bytecode provider name : bytebuddy
2023-07-12 10:35:59.670 [restartedMain] INFO  o.s.o.j.p.SpringPersistenceUnitInfo - No LoadTimeWeaver setup: ignoring JPA class transformer
2023-07-12 10:35:59.825 [restartedMain] INFO  o.h.b.i.BytecodeProviderInitiator - HHH000021: Bytecode provider name : bytebuddy
2023-07-12 10:36:00.197 [restartedMain] INFO  o.h.e.t.j.p.i.JtaPlatformInitiator - HHH000490: Using JtaPlatform implementation: [org.hibernate.engine.transaction.jta.platform.internal.NoJtaPlatform]
2023-07-12 10:36:00.199 [restartedMain] INFO  o.s.o.j.LocalContainerEntityManagerFactoryBean - Initialized JPA EntityManagerFactory for persistence unit 'default'
2023-07-12 10:36:00.457 [restartedMain] INFO  o.s.d.j.r.query.QueryEnhancerFactory - Hibernate is in classpath; If applicable, HQL parser will be used.
2023-07-12 10:36:01.066 [restartedMain] INFO  o.s.s.web.DefaultSecurityFilterChain - Will secure any request with [org.springframework.security.web.session.DisableEncodeUrlFilter@5ecb4a10, org.springframework.security.web.context.request.async.WebAsyncManagerIntegrationFilter@2243a0dc, org.springframework.security.web.context.SecurityContextHolderFilter@5d242fad, org.springframework.security.web.header.HeaderWriterFilter@5ec69849, org.springframework.web.filter.CorsFilter@7265a935, org.springframework.security.web.authentication.logout.LogoutFilter@4f68050b, com.example.leonproject.config.security.JWTAuthenticationFilter@57bd17fb, org.springframework.security.web.savedrequest.RequestCacheAwareFilter@3a3bba2b, org.springframework.security.web.servletapi.SecurityContextHolderAwareRequestFilter@2e40c679, org.springframework.security.web.authentication.AnonymousAuthenticationFilter@697cc689, org.springframework.security.web.session.SessionManagementFilter@296b4ca3, org.springframework.security.web.access.ExceptionTranslationFilter@6b763304, org.springframework.security.web.access.intercept.AuthorizationFilter@352cbb4a]
2023-07-12 10:36:01.269 [restartedMain] INFO  o.s.b.d.a.OptionalLiveReloadServer - LiveReload server is running on port 35729
2023-07-12 10:36:01.297 [restartedMain] INFO  o.s.b.w.e.tomcat.TomcatWebServer - Tomcat started on port(s): 8080 (http) with context path '/LeonAPI/dev'
2023-07-12 10:36:01.307 [restartedMain] INFO  c.e.l.LeonProjectApplication - Started LeonProjectApplication in 3.481 seconds (process running for 3.905)
2023-07-12 10:36:07.028 [SpringApplicationShutdownHook] INFO  o.s.o.j.LocalContainerEntityManagerFactoryBean - Closing JPA EntityManagerFactory for persistence unit 'default'
2023-07-12 10:36:07.030 [SpringApplicationShutdownHook] INFO  com.zaxxer.hikari.HikariDataSource - HikariPool-1 - Shutdown initiated...
2023-07-12 10:36:07.035 [SpringApplicationShutdownHook] INFO  com.zaxxer.hikari.HikariDataSource - HikariPool-1 - Shutdown completed.
2023-07-12 10:37:27.325 [restartedMain] INFO  c.e.l.LeonProjectApplication - Starting LeonProjectApplication using Java 17.0.7 with PID 14704 (C:\Users\leon.yu\IdeaProjects\LeonProject\target\classes started by leon.yu in C:\Users\leon.yu\IdeaProjects\LeonProject)
2023-07-12 10:37:27.326 [restartedMain] INFO  c.e.l.LeonProjectApplication - The following 1 profile is active: "dev-db1"
2023-07-12 10:37:27.353 [restartedMain] INFO  o.s.b.d.e.DevToolsPropertyDefaultsPostProcessor - Devtools property defaults active! Set 'spring.devtools.add-properties' to 'false' to disable
2023-07-12 10:37:27.354 [restartedMain] INFO  o.s.b.d.e.DevToolsPropertyDefaultsPostProcessor - For additional web related logging consider setting the 'logging.level.web' property to 'DEBUG'
2023-07-12 10:37:27.839 [restartedMain] INFO  o.s.d.r.c.RepositoryConfigurationDelegate - Bootstrapping Spring Data JPA repositories in DEFAULT mode.
2023-07-12 10:37:27.876 [restartedMain] INFO  o.s.d.r.c.RepositoryConfigurationDelegate - Finished Spring Data repository scanning in 32 ms. Found 3 JPA repository interfaces.
2023-07-12 10:37:28.349 [restartedMain] INFO  o.s.b.w.e.tomcat.TomcatWebServer - Tomcat initialized with port(s): 8080 (http)
2023-07-12 10:37:28.355 [restartedMain] INFO  o.a.catalina.core.StandardService - Starting service [Tomcat]
2023-07-12 10:37:28.355 [restartedMain] INFO  o.a.catalina.core.StandardEngine - Starting Servlet engine: [Apache Tomcat/10.1.10]
2023-07-12 10:37:28.393 [restartedMain] INFO  o.a.c.c.C.[.[.[/LeonAPI/dev] - Initializing Spring embedded WebApplicationContext
2023-07-12 10:37:28.394 [restartedMain] INFO  o.s.b.w.s.c.ServletWebServerApplicationContext - Root WebApplicationContext: initialization completed in 1040 ms
2023-07-12 10:37:28.472 [restartedMain] INFO  com.zaxxer.hikari.HikariDataSource - HikariPool-1 - Starting...
2023-07-12 10:37:28.638 [restartedMain] INFO  com.zaxxer.hikari.pool.HikariPool - HikariPool-1 - Added connection com.mysql.cj.jdbc.ConnectionImpl@546e43c1
2023-07-12 10:37:28.639 [restartedMain] INFO  com.zaxxer.hikari.HikariDataSource - HikariPool-1 - Start completed.
2023-07-12 10:37:28.663 [restartedMain] INFO  o.h.jpa.internal.util.LogHelper - HHH000204: Processing PersistenceUnitInfo [name: default]
2023-07-12 10:37:28.694 [restartedMain] INFO  org.hibernate.Version - HHH000412: Hibernate ORM core version 6.2.5.Final
2023-07-12 10:37:28.695 [restartedMain] INFO  org.hibernate.cfg.Environment - HHH000406: Using bytecode reflection optimizer
2023-07-12 10:37:28.776 [restartedMain] INFO  o.h.b.i.BytecodeProviderInitiator - HHH000021: Bytecode provider name : bytebuddy
2023-07-12 10:37:28.860 [restartedMain] INFO  o.s.o.j.p.SpringPersistenceUnitInfo - No LoadTimeWeaver setup: ignoring JPA class transformer
2023-07-12 10:37:29.012 [restartedMain] INFO  o.h.b.i.BytecodeProviderInitiator - HHH000021: Bytecode provider name : bytebuddy
2023-07-12 10:37:29.386 [restartedMain] INFO  o.h.e.t.j.p.i.JtaPlatformInitiator - HHH000490: Using JtaPlatform implementation: [org.hibernate.engine.transaction.jta.platform.internal.NoJtaPlatform]
2023-07-12 10:37:29.388 [restartedMain] INFO  o.s.o.j.LocalContainerEntityManagerFactoryBean - Initialized JPA EntityManagerFactory for persistence unit 'default'
2023-07-12 10:37:29.653 [restartedMain] INFO  o.s.d.j.r.query.QueryEnhancerFactory - Hibernate is in classpath; If applicable, HQL parser will be used.
2023-07-12 10:37:30.257 [restartedMain] INFO  o.s.s.web.DefaultSecurityFilterChain - Will secure any request with [org.springframework.security.web.session.DisableEncodeUrlFilter@3476e035, org.springframework.security.web.context.request.async.WebAsyncManagerIntegrationFilter@63fdc0f9, org.springframework.security.web.context.SecurityContextHolderFilter@62e596a6, org.springframework.security.web.header.HeaderWriterFilter@1d16c006, org.springframework.web.filter.CorsFilter@28bea98b, org.springframework.security.web.authentication.logout.LogoutFilter@a4b4843, com.example.leonproject.config.security.JWTAuthenticationFilter@28c5d0c5, org.springframework.security.web.savedrequest.RequestCacheAwareFilter@671154bb, org.springframework.security.web.servletapi.SecurityContextHolderAwareRequestFilter@879d36f, org.springframework.security.web.authentication.AnonymousAuthenticationFilter@7a478cb3, org.springframework.security.web.session.SessionManagementFilter@377bf8a8, org.springframework.security.web.access.ExceptionTranslationFilter@20b6fc5f, org.springframework.security.web.access.intercept.AuthorizationFilter@74e7ede0]
2023-07-12 10:37:30.456 [restartedMain] INFO  o.s.b.d.a.OptionalLiveReloadServer - LiveReload server is running on port 35729
2023-07-12 10:37:30.484 [restartedMain] INFO  o.s.b.w.e.tomcat.TomcatWebServer - Tomcat started on port(s): 8080 (http) with context path '/LeonAPI/dev'
2023-07-12 10:37:30.494 [restartedMain] INFO  c.e.l.LeonProjectApplication - Started LeonProjectApplication in 3.475 seconds (process running for 3.91)
2023-07-12 10:37:30.557 [pool-3-thread-1] INFO  c.e.l.schedule.TimeSheetScheduler - 更新失敗
2023-07-12 10:37:33.237 [SpringApplicationShutdownHook] INFO  o.s.o.j.LocalContainerEntityManagerFactoryBean - Closing JPA EntityManagerFactory for persistence unit 'default'
2023-07-12 10:37:33.239 [SpringApplicationShutdownHook] INFO  com.zaxxer.hikari.HikariDataSource - HikariPool-1 - Shutdown initiated...
2023-07-12 10:37:33.244 [SpringApplicationShutdownHook] INFO  com.zaxxer.hikari.HikariDataSource - HikariPool-1 - Shutdown completed.
2023-07-12 11:02:43.746 [restartedMain] INFO  c.e.l.LeonProjectApplication - Starting LeonProjectApplication using Java 17.0.7 with PID 22548 (C:\Users\leon.yu\IdeaProjects\LeonProject\target\classes started by leon.yu in C:\Users\leon.yu\IdeaProjects\LeonProject)
2023-07-12 11:02:43.748 [restartedMain] INFO  c.e.l.LeonProjectApplication - The following 1 profile is active: "dev-db1"
2023-07-12 11:02:43.777 [restartedMain] INFO  o.s.b.d.e.DevToolsPropertyDefaultsPostProcessor - Devtools property defaults active! Set 'spring.devtools.add-properties' to 'false' to disable
2023-07-12 11:02:43.777 [restartedMain] INFO  o.s.b.d.e.DevToolsPropertyDefaultsPostProcessor - For additional web related logging consider setting the 'logging.level.web' property to 'DEBUG'
2023-07-12 11:02:44.268 [restartedMain] INFO  o.s.d.r.c.RepositoryConfigurationDelegate - Bootstrapping Spring Data JPA repositories in DEFAULT mode.
2023-07-12 11:02:44.307 [restartedMain] INFO  o.s.d.r.c.RepositoryConfigurationDelegate - Finished Spring Data repository scanning in 33 ms. Found 3 JPA repository interfaces.
2023-07-12 11:02:44.776 [restartedMain] INFO  o.s.b.w.e.tomcat.TomcatWebServer - Tomcat initialized with port(s): 8080 (http)
2023-07-12 11:02:44.782 [restartedMain] INFO  o.a.catalina.core.StandardService - Starting service [Tomcat]
2023-07-12 11:02:44.783 [restartedMain] INFO  o.a.catalina.core.StandardEngine - Starting Servlet engine: [Apache Tomcat/10.1.10]
2023-07-12 11:02:44.821 [restartedMain] INFO  o.a.c.c.C.[.[.[/LeonAPI/dev] - Initializing Spring embedded WebApplicationContext
2023-07-12 11:02:44.821 [restartedMain] INFO  o.s.b.w.s.c.ServletWebServerApplicationContext - Root WebApplicationContext: initialization completed in 1044 ms
2023-07-12 11:02:44.901 [restartedMain] INFO  com.zaxxer.hikari.HikariDataSource - HikariPool-1 - Starting...
2023-07-12 11:02:45.070 [restartedMain] INFO  com.zaxxer.hikari.pool.HikariPool - HikariPool-1 - Added connection com.mysql.cj.jdbc.ConnectionImpl@391802a7
2023-07-12 11:02:45.072 [restartedMain] INFO  com.zaxxer.hikari.HikariDataSource - HikariPool-1 - Start completed.
2023-07-12 11:02:45.097 [restartedMain] INFO  o.h.jpa.internal.util.LogHelper - HHH000204: Processing PersistenceUnitInfo [name: default]
2023-07-12 11:02:45.128 [restartedMain] INFO  org.hibernate.Version - HHH000412: Hibernate ORM core version 6.2.5.Final
2023-07-12 11:02:45.130 [restartedMain] INFO  org.hibernate.cfg.Environment - HHH000406: Using bytecode reflection optimizer
2023-07-12 11:02:45.213 [restartedMain] INFO  o.h.b.i.BytecodeProviderInitiator - HHH000021: Bytecode provider name : bytebuddy
2023-07-12 11:02:45.300 [restartedMain] INFO  o.s.o.j.p.SpringPersistenceUnitInfo - No LoadTimeWeaver setup: ignoring JPA class transformer
2023-07-12 11:02:45.456 [restartedMain] INFO  o.h.b.i.BytecodeProviderInitiator - HHH000021: Bytecode provider name : bytebuddy
2023-07-12 11:02:45.834 [restartedMain] INFO  o.h.e.t.j.p.i.JtaPlatformInitiator - HHH000490: Using JtaPlatform implementation: [org.hibernate.engine.transaction.jta.platform.internal.NoJtaPlatform]
2023-07-12 11:02:45.836 [restartedMain] INFO  o.s.o.j.LocalContainerEntityManagerFactoryBean - Initialized JPA EntityManagerFactory for persistence unit 'default'
2023-07-12 11:02:46.094 [restartedMain] INFO  o.s.d.j.r.query.QueryEnhancerFactory - Hibernate is in classpath; If applicable, HQL parser will be used.
2023-07-12 11:02:46.693 [restartedMain] INFO  o.s.s.web.DefaultSecurityFilterChain - Will secure any request with [org.springframework.security.web.session.DisableEncodeUrlFilter@28bea98b, org.springframework.security.web.context.request.async.WebAsyncManagerIntegrationFilter@7a478cb3, org.springframework.security.web.context.SecurityContextHolderFilter@671154bb, org.springframework.security.web.header.HeaderWriterFilter@709cd52b, org.springframework.web.filter.CorsFilter@79b3ac86, org.springframework.security.web.authentication.logout.LogoutFilter@6b763304, com.example.leonproject.config.security.JWTAuthenticationFilter@39e3f894, org.springframework.security.web.savedrequest.RequestCacheAwareFilter@73e271b6, org.springframework.security.web.servletapi.SecurityContextHolderAwareRequestFilter@315352fd, org.springframework.security.web.authentication.AnonymousAuthenticationFilter@74c45141, org.springframework.security.web.session.SessionManagementFilter@e0a87af, org.springframework.security.web.access.ExceptionTranslationFilter@c311a49, org.springframework.security.web.access.intercept.AuthorizationFilter@3476e035]
2023-07-12 11:02:46.892 [restartedMain] INFO  o.s.b.d.a.OptionalLiveReloadServer - LiveReload server is running on port 35729
2023-07-12 11:02:46.921 [restartedMain] INFO  o.s.b.w.e.tomcat.TomcatWebServer - Tomcat started on port(s): 8080 (http) with context path '/LeonAPI/dev'
2023-07-12 11:02:46.930 [restartedMain] INFO  c.e.l.LeonProjectApplication - Started LeonProjectApplication in 3.488 seconds (process running for 3.917)
2023-07-12 11:02:46.993 [pool-3-thread-1] INFO  c.e.l.schedule.TimeSheetScheduler - 更新失敗
2023-07-12 11:02:48.926 [SpringApplicationShutdownHook] INFO  o.s.o.j.LocalContainerEntityManagerFactoryBean - Closing JPA EntityManagerFactory for persistence unit 'default'
2023-07-12 11:02:48.928 [SpringApplicationShutdownHook] INFO  com.zaxxer.hikari.HikariDataSource - HikariPool-1 - Shutdown initiated...
2023-07-12 11:02:48.933 [SpringApplicationShutdownHook] INFO  com.zaxxer.hikari.HikariDataSource - HikariPool-1 - Shutdown completed.
2023-07-12 15:06:05.289 [restartedMain] INFO  c.e.l.LeonProjectApplication - Starting LeonProjectApplication using Java 17.0.7 with PID 13532 (C:\Users\leon.yu\IdeaProjects\LeonProject\target\classes started by leon.yu in C:\Users\leon.yu\IdeaProjects\LeonProject)
2023-07-12 15:06:05.290 [restartedMain] INFO  c.e.l.LeonProjectApplication - The following 1 profile is active: "dev-db1"
2023-07-12 15:06:05.318 [restartedMain] INFO  o.s.b.d.e.DevToolsPropertyDefaultsPostProcessor - Devtools property defaults active! Set 'spring.devtools.add-properties' to 'false' to disable
2023-07-12 15:06:05.318 [restartedMain] INFO  o.s.b.d.e.DevToolsPropertyDefaultsPostProcessor - For additional web related logging consider setting the 'logging.level.web' property to 'DEBUG'
2023-07-12 15:06:05.815 [restartedMain] INFO  o.s.d.r.c.RepositoryConfigurationDelegate - Bootstrapping Spring Data JPA repositories in DEFAULT mode.
2023-07-12 15:06:05.856 [restartedMain] INFO  o.s.d.r.c.RepositoryConfigurationDelegate - Finished Spring Data repository scanning in 35 ms. Found 3 JPA repository interfaces.
2023-07-12 15:06:06.329 [restartedMain] INFO  o.s.b.w.e.tomcat.TomcatWebServer - Tomcat initialized with port(s): 8080 (http)
2023-07-12 15:06:06.335 [restartedMain] INFO  o.a.catalina.core.StandardService - Starting service [Tomcat]
2023-07-12 15:06:06.335 [restartedMain] INFO  o.a.catalina.core.StandardEngine - Starting Servlet engine: [Apache Tomcat/10.1.10]
2023-07-12 15:06:06.374 [restartedMain] INFO  o.a.c.c.C.[.[.[/LeonAPI/dev] - Initializing Spring embedded WebApplicationContext
2023-07-12 15:06:06.375 [restartedMain] INFO  o.s.b.w.s.c.ServletWebServerApplicationContext - Root WebApplicationContext: initialization completed in 1056 ms
2023-07-12 15:06:06.457 [restartedMain] INFO  com.zaxxer.hikari.HikariDataSource - HikariPool-1 - Starting...
2023-07-12 15:06:06.633 [restartedMain] INFO  com.zaxxer.hikari.pool.HikariPool - HikariPool-1 - Added connection com.mysql.cj.jdbc.ConnectionImpl@38a2d7b4
2023-07-12 15:06:06.635 [restartedMain] INFO  com.zaxxer.hikari.HikariDataSource - HikariPool-1 - Start completed.
2023-07-12 15:06:06.660 [restartedMain] INFO  o.h.jpa.internal.util.LogHelper - HHH000204: Processing PersistenceUnitInfo [name: default]
2023-07-12 15:06:06.692 [restartedMain] INFO  org.hibernate.Version - HHH000412: Hibernate ORM core version 6.2.5.Final
2023-07-12 15:06:06.694 [restartedMain] INFO  org.hibernate.cfg.Environment - HHH000406: Using bytecode reflection optimizer
2023-07-12 15:06:06.778 [restartedMain] INFO  o.h.b.i.BytecodeProviderInitiator - HHH000021: Bytecode provider name : bytebuddy
2023-07-12 15:06:06.869 [restartedMain] INFO  o.s.o.j.p.SpringPersistenceUnitInfo - No LoadTimeWeaver setup: ignoring JPA class transformer
2023-07-12 15:06:07.025 [restartedMain] INFO  o.h.b.i.BytecodeProviderInitiator - HHH000021: Bytecode provider name : bytebuddy
2023-07-12 15:06:07.407 [restartedMain] INFO  o.h.e.t.j.p.i.JtaPlatformInitiator - HHH000490: Using JtaPlatform implementation: [org.hibernate.engine.transaction.jta.platform.internal.NoJtaPlatform]
2023-07-12 15:06:07.409 [restartedMain] INFO  o.s.o.j.LocalContainerEntityManagerFactoryBean - Initialized JPA EntityManagerFactory for persistence unit 'default'
2023-07-12 15:06:07.673 [restartedMain] INFO  o.s.d.j.r.query.QueryEnhancerFactory - Hibernate is in classpath; If applicable, HQL parser will be used.
2023-07-12 15:06:08.304 [restartedMain] INFO  o.s.s.web.DefaultSecurityFilterChain - Will secure any request with [org.springframework.security.web.session.DisableEncodeUrlFilter@31419fd0, org.springframework.security.web.context.request.async.WebAsyncManagerIntegrationFilter@1e960b23, org.springframework.security.web.context.SecurityContextHolderFilter@74242507, org.springframework.security.web.header.HeaderWriterFilter@7f19eeff, org.springframework.web.filter.CorsFilter@28d3485d, org.springframework.security.web.authentication.logout.LogoutFilter@36575525, com.example.leonproject.config.security.JWTAuthenticationFilter@62a2f69c, org.springframework.security.web.savedrequest.RequestCacheAwareFilter@4532f539, org.springframework.security.web.servletapi.SecurityContextHolderAwareRequestFilter@22d7af82, org.springframework.security.web.authentication.AnonymousAuthenticationFilter@4d4cb5a1, org.springframework.security.web.session.SessionManagementFilter@52c2b2b5, org.springframework.security.web.access.ExceptionTranslationFilter@5290b58f, org.springframework.security.web.access.intercept.AuthorizationFilter@4caf5b8f]
2023-07-12 15:06:08.516 [restartedMain] INFO  o.s.b.d.a.OptionalLiveReloadServer - LiveReload server is running on port 35729
2023-07-12 15:06:08.545 [restartedMain] INFO  o.s.b.w.e.tomcat.TomcatWebServer - Tomcat started on port(s): 8080 (http) with context path '/LeonAPI/dev'
2023-07-12 15:06:08.555 [restartedMain] INFO  c.e.l.LeonProjectApplication - Started LeonProjectApplication in 3.56 seconds (process running for 4.56)
2023-07-12 15:06:08.620 [pool-3-thread-1] INFO  c.e.l.schedule.TimeSheetScheduler - 更新失敗
2023-07-12 15:06:12.284 [SpringApplicationShutdownHook] INFO  o.s.o.j.LocalContainerEntityManagerFactoryBean - Closing JPA EntityManagerFactory for persistence unit 'default'
2023-07-12 15:06:12.286 [SpringApplicationShutdownHook] INFO  com.zaxxer.hikari.HikariDataSource - HikariPool-1 - Shutdown initiated...
2023-07-12 15:06:12.291 [SpringApplicationShutdownHook] INFO  com.zaxxer.hikari.HikariDataSource - HikariPool-1 - Shutdown completed.
2023-07-12 17:06:34.417 [restartedMain] INFO  c.e.l.LeonProjectApplication - Starting LeonProjectApplication using Java 17.0.7 with PID 16596 (C:\Users\leon.yu\IdeaProjects\LeonProject\target\classes started by leon.yu in C:\Users\leon.yu\IdeaProjects\LeonProject)
2023-07-12 17:06:34.418 [restartedMain] INFO  c.e.l.LeonProjectApplication - The following 1 profile is active: "dev-db1"
2023-07-12 17:06:34.446 [restartedMain] INFO  o.s.b.d.e.DevToolsPropertyDefaultsPostProcessor - Devtools property defaults active! Set 'spring.devtools.add-properties' to 'false' to disable
2023-07-12 17:06:34.447 [restartedMain] INFO  o.s.b.d.e.DevToolsPropertyDefaultsPostProcessor - For additional web related logging consider setting the 'logging.level.web' property to 'DEBUG'
2023-07-12 17:06:34.952 [restartedMain] INFO  o.s.d.r.c.RepositoryConfigurationDelegate - Bootstrapping Spring Data JPA repositories in DEFAULT mode.
2023-07-12 17:06:34.998 [restartedMain] INFO  o.s.d.r.c.RepositoryConfigurationDelegate - Finished Spring Data repository scanning in 39 ms. Found 3 JPA repository interfaces.
2023-07-12 17:06:35.482 [restartedMain] INFO  o.s.b.w.e.tomcat.TomcatWebServer - Tomcat initialized with port(s): 8080 (http)
2023-07-12 17:06:35.488 [restartedMain] INFO  o.a.catalina.core.StandardService - Starting service [Tomcat]
2023-07-12 17:06:35.489 [restartedMain] INFO  o.a.catalina.core.StandardEngine - Starting Servlet engine: [Apache Tomcat/10.1.10]
2023-07-12 17:06:35.529 [restartedMain] INFO  o.a.c.c.C.[.[.[/LeonAPI/dev] - Initializing Spring embedded WebApplicationContext
2023-07-12 17:06:35.529 [restartedMain] INFO  o.s.b.w.s.c.ServletWebServerApplicationContext - Root WebApplicationContext: initialization completed in 1082 ms
2023-07-12 17:06:35.609 [restartedMain] INFO  com.zaxxer.hikari.HikariDataSource - HikariPool-1 - Starting...
2023-07-12 17:06:35.780 [restartedMain] INFO  com.zaxxer.hikari.pool.HikariPool - HikariPool-1 - Added connection com.mysql.cj.jdbc.ConnectionImpl@6e0df26e
2023-07-12 17:06:35.782 [restartedMain] INFO  com.zaxxer.hikari.HikariDataSource - HikariPool-1 - Start completed.
2023-07-12 17:06:35.807 [restartedMain] INFO  o.h.jpa.internal.util.LogHelper - HHH000204: Processing PersistenceUnitInfo [name: default]
2023-07-12 17:06:35.840 [restartedMain] INFO  org.hibernate.Version - HHH000412: Hibernate ORM core version 6.2.5.Final
2023-07-12 17:06:35.842 [restartedMain] INFO  org.hibernate.cfg.Environment - HHH000406: Using bytecode reflection optimizer
2023-07-12 17:06:35.929 [restartedMain] INFO  o.h.b.i.BytecodeProviderInitiator - HHH000021: Bytecode provider name : bytebuddy
2023-07-12 17:06:36.024 [restartedMain] INFO  o.s.o.j.p.SpringPersistenceUnitInfo - No LoadTimeWeaver setup: ignoring JPA class transformer
2023-07-12 17:06:36.185 [restartedMain] INFO  o.h.b.i.BytecodeProviderInitiator - HHH000021: Bytecode provider name : bytebuddy
2023-07-12 17:06:36.568 [restartedMain] INFO  o.h.e.t.j.p.i.JtaPlatformInitiator - HHH000490: Using JtaPlatform implementation: [org.hibernate.engine.transaction.jta.platform.internal.NoJtaPlatform]
2023-07-12 17:06:36.570 [restartedMain] INFO  o.s.o.j.LocalContainerEntityManagerFactoryBean - Initialized JPA EntityManagerFactory for persistence unit 'default'
2023-07-12 17:06:36.841 [restartedMain] INFO  o.s.d.j.r.query.QueryEnhancerFactory - Hibernate is in classpath; If applicable, HQL parser will be used.
2023-07-12 17:06:37.465 [restartedMain] INFO  o.s.s.web.DefaultSecurityFilterChain - Will secure any request with [org.springframework.security.web.session.DisableEncodeUrlFilter@5c5f463e, org.springframework.security.web.context.request.async.WebAsyncManagerIntegrationFilter@23ca75d6, org.springframework.security.web.context.SecurityContextHolderFilter@367ee757, org.springframework.security.web.header.HeaderWriterFilter@407ba280, org.springframework.web.filter.CorsFilter@2d8917b5, org.springframework.security.web.authentication.logout.LogoutFilter@7b1042b0, com.example.leonproject.config.security.JWTAuthenticationFilter@3d3e0f4e, org.springframework.security.web.savedrequest.RequestCacheAwareFilter@2a7a603b, org.springframework.security.web.servletapi.SecurityContextHolderAwareRequestFilter@19d415e9, org.springframework.security.web.authentication.AnonymousAuthenticationFilter@26ab9c22, org.springframework.security.web.session.SessionManagementFilter@79026188, org.springframework.security.web.access.ExceptionTranslationFilter@53f54f41, org.springframework.security.web.access.intercept.AuthorizationFilter@b50b3a1]
2023-07-12 17:06:37.687 [restartedMain] INFO  o.s.b.d.a.OptionalLiveReloadServer - LiveReload server is running on port 35729
2023-07-12 17:06:37.719 [restartedMain] INFO  o.s.b.w.e.tomcat.TomcatWebServer - Tomcat started on port(s): 8080 (http) with context path '/LeonAPI/dev'
2023-07-12 17:06:37.729 [restartedMain] INFO  c.e.l.LeonProjectApplication - Started LeonProjectApplication in 3.619 seconds (process running for 4.051)
2023-07-12 17:06:37.750 [SpringApplicationShutdownHook] INFO  o.s.o.j.LocalContainerEntityManagerFactoryBean - Closing JPA EntityManagerFactory for persistence unit 'default'
2023-07-12 17:06:37.753 [SpringApplicationShutdownHook] INFO  com.zaxxer.hikari.HikariDataSource - HikariPool-1 - Shutdown initiated...
2023-07-12 17:06:37.758 [SpringApplicationShutdownHook] INFO  com.zaxxer.hikari.HikariDataSource - HikariPool-1 - Shutdown completed.
